Сборка начата 27.11.2023 13:33:46.
Уровень детализации журнала: Normal.     1>Проект "C:\Users\User\Desktop\ОС\OS_Lab07\OS08_04x\OS08_04x.vcxproj" в узле 2 (целевые объекты Build).
     1>PrepareForBuild:
         Создание каталога "Debug\OS08_04x.tlog\".
       InitializeBuildStatus:
         Создание "Debug\OS08_04x.tlog\unsuccessfulbuild", так как было задано "AlwaysCreate".
         Обращение к "Debug\OS08_04x.tlog\unsuccessfulbuild".
       ClCompile:
         C:\Program Files\Microsoft Visual Studio\2022\Community\VC\Tools\MSVC\14.37.32822\bin\HostX86\x86\CL.exe /c /ZI /JMC /nologo /W3 /WX- /diagnostics:column /sdl /Od /Oy- /D WIN32 /D _DEBUG /D _CONSOLE /D _UNICODE /D UNICODE /Gm- /EHsc /RTC1 /MDd /GS /fp:precise /Zc:wchar_t /Zc:forScope /Zc:inline /permissive- /Fo"Debug\\" /Fd"Debug\vc143.pdb" /external:W3 /Gd /TP /analyze- /FC /errorReport:prompt OS08_04x.cpp
         OS08_04x.cpp
     1>C:\Users\User\Desktop\ОС\OS_Lab07\OS08_04x\OS08_04x.cpp(24,14): warning C4244: аргумент: преобразование "__int64" в "int", возможна потеря данных
       Link:
         C:\Program Files\Microsoft Visual Studio\2022\Community\VC\Tools\MSVC\14.37.32822\bin\HostX86\x86\link.exe /ERRORREPORT:PROMPT /OUT:"C:\Users\User\Desktop\ОС\OS_Lab07\Debug\OS08_04x.exe" /INCREMENTAL /ILK:"Debug\OS08_04x.ilk" /NOLOGO kernel32.lib user32.lib gdi32.lib winspool.lib comdlg32.lib advapi32.lib shell32.lib ole32.lib oleaut32.lib uuid.lib odbc32.lib odbccp32.lib /MANIFEST /MANIFESTUAC:"level='asInvoker' uiAccess='false'" /manifest:embed /DEBUG /PDB:"C:\Users\User\Desktop\ОС\OS_Lab07\Debug\OS08_04x.pdb" /SUBSYSTEM:CONSOLE /TLBID:1 /DYNAMICBASE /NXCOMPAT /IMPLIB:"C:\Users\User\Desktop\ОС\OS_Lab07\Debug\OS08_04x.lib" /MACHINE:X86 Debug\OS08_04x.obj
         OS08_04x.vcxproj -> C:\Users\User\Desktop\ОС\OS_Lab07\Debug\OS08_04x.exe
       FinalizeBuildStatus:
         Файл "Debug\OS08_04x.tlog\unsuccessfulbuild" удаляется.
         Обращение к "Debug\OS08_04x.tlog\OS08_04x.lastbuildstate".
     1>Сборка проекта "C:\Users\User\Desktop\ОС\OS_Lab07\OS08_04x\OS08_04x.vcxproj" завершена (целевые объекты Build).

Сборка успешно завершена.

       "C:\Users\User\Desktop\ОС\OS_Lab07\OS08_04x\OS08_04x.vcxproj" (целевой объект Build ) (1) ->
       (Целевой объект ClCompile) -> 
         C:\Users\User\Desktop\ОС\OS_Lab07\OS08_04x\OS08_04x.cpp(24,14): warning C4244: аргумент: преобразование "__int64" в "int", возможна потеря данных

    Предупреждений: 1
    Ошибок: 0

Прошло времени 00:00:01.05
