Сборка начата 02.10.2023 10:01:45.
Уровень детализации журнала: Normal.     1>Проект "C:\Users\User\Desktop\ОС\OS_Lab03\OS03_01\OS03_01.vcxproj" в узле 2 (целевые объекты Build).
     1>PrepareForBuild:
         Создание каталога "C:\Users\User\Desktop\ОС\OS_Lab03\Debug\".
         Создание каталога "Debug\OS03_01.tlog\".
       InitializeBuildStatus:
         Создание "Debug\OS03_01.tlog\unsuccessfulbuild", так как было задано "AlwaysCreate".
       ClCompile:
         C:\Program Files\Microsoft Visual Studio\2022\Community\VC\Tools\MSVC\14.30.30705\bin\HostX86\x86\CL.exe /c /ZI /JMC /nologo /W3 /WX- /diagnostics:column /sdl /Od /Oy- /D WIN32 /D _DEBUG /D _CONSOLE /D _UNICODE /D UNICODE /Gm- /EHsc /RTC1 /MDd /GS /fp:precise /Zc:wchar_t /Zc:forScope /Zc:inline /permissive- /Fo"Debug\\" /Fd"Debug\vc143.pdb" /external:W3 /Gd /TP /analyze- /FC /errorReport:prompt OS03_01.cpp
         OS03_01.cpp
       Link:
         C:\Program Files\Microsoft Visual Studio\2022\Community\VC\Tools\MSVC\14.30.30705\bin\HostX86\x86\link.exe /ERRORREPORT:PROMPT /OUT:"C:\Users\User\Desktop\ОС\OS_Lab03\Debug\OS03_01.exe" /INCREMENTAL /ILK:"Debug\OS03_01.ilk" /NOLOGO kernel32.lib user32.lib gdi32.lib winspool.lib comdlg32.lib advapi32.lib shell32.lib ole32.lib oleaut32.lib uuid.lib odbc32.lib odbccp32.lib /MANIFEST /MANIFESTUAC:"level='asInvoker' uiAccess='false'" /manifest:embed /DEBUG /PDB:"C:\Users\User\Desktop\ОС\OS_Lab03\Debug\OS03_01.pdb" /SUBSYSTEM:CONSOLE /TLBID:1 /DYNAMICBASE /NXCOMPAT /IMPLIB:"C:\Users\User\Desktop\ОС\OS_Lab03\Debug\OS03_01.lib" /MACHINE:X86 Debug\OS03_01.obj
         OS03_01.vcxproj -> C:\Users\User\Desktop\ОС\OS_Lab03\Debug\OS03_01.exe
       FinalizeBuildStatus:
         Файл "Debug\OS03_01.tlog\unsuccessfulbuild" удаляется.
         Обращение к "Debug\OS03_01.tlog\OS03_01.lastbuildstate".
     1>Сборка проекта "C:\Users\User\Desktop\ОС\OS_Lab03\OS03_01\OS03_01.vcxproj" завершена (целевые объекты Build).

Сборка успешно завершена.
    Предупреждений: 0
    Ошибок: 0

Прошло времени 00:00:02.57
